Started by user [8mha:////4AOYaInIVp8UZfzheG3sz0EDSFES+8Df6MDS7XCw58/7AAAAmB+LCAAAAAAAAP9b85aBtbiIQTGjNKU4P08vOT+vOD8nVc83PyU1x6OyILUoJzMv2y+/JJUBAhiZGBgqihhk0NSjKDWzXb3RdlLBUSYGJk8GtpzUvPSSDB8G5tKinBIGIZ+sxLJE/ZzEvHT94JKizLx0a6BxUmjGOUNodHsLgAy2EgYe/dLi1CL9xGwjUyNLAJaaAMbBAAAA[0mAk2529
Running as SYSTEM
Building in workspace /var/lib/jenkins/workspace/Git
The recommended git tool is: NONE
No credentials specified
 > git rev-parse --resolve-git-dir /var/lib/jenkins/workspace/Git/.git # timeout=10
Fetching changes from the remote Git repository
 > git config remote.origin.url https://github.com/devopshydclub/vprofile-project.git # timeout=10
Fetching upstream changes from https://github.com/devopshydclub/vprofile-project.git
 > git --version # timeout=10
 > git --version # 'git version 2.25.1'
 > git fetch --tags --force --progress -- https://github.com/devopshydclub/vprofile-project.git +refs/heads/*:refs/remotes/origin/* # timeout=10
 > git rev-parse refs/remotes/origin/main^{commit} # timeout=10
Checking out Revision 65b9ac887029f360dc1dd1c96e2caef25446484f (refs/remotes/origin/main)
 > git config core.sparsecheckout # timeout=10
 > git checkout -f 65b9ac887029f360dc1dd1c96e2caef25446484f # timeout=10
Commit message: "8.0.32"
 > git rev-list --no-walk 65b9ac887029f360dc1dd1c96e2caef25446484f # timeout=10
[Git] $ /var/lib/jenkins/tools/hudson.tasks.Maven_MavenInstallation/MAVEN3/bin/mvn clean install
[INFO] Scanning for projects...
[INFO] 
[INFO] ---------------------< com.visualpathit:vprofile >----------------------
[INFO] Building Visualpathit VProfile Webapp v2
[INFO]   from pom.xml
[INFO] --------------------------------[ war ]---------------------------------
[8mha:////4KTdVyFNYx58LpTmuHEQ3A1FIHamLubn9ZWF8ybmHZpMAAAAYh+LCAAAAAAAAP9b85aBtbiIQSWjNKU4P0+vJLE4u1gvPjexLDVPzxdEhicW5WXmpfvll6SeOJwgmrt9CSsTA0NFEYMUVEtyfl5xfk6qnjOEBilkgABGkMICAEQzmI1iAAAA[0m[WARNING] The artifact mysql:mysql-connector-java:jar:8.0.32 has been relocated to com.mysql:mysql-connector-j:jar:8.0.32: MySQL Connector/J artifacts moved to reverse-DNS compliant Maven 2+ coordinates.
[INFO] 
[INFO] --- clean:3.2.0:clean (default-clean) @ vprofile ---
[INFO] 
[INFO] --- resources:3.3.1:resources (default-resources) @ vprofile ---
[8mha:////4KTdVyFNYx58LpTmuHEQ3A1FIHamLubn9ZWF8ybmHZpMAAAAYh+LCAAAAAAAAP9b85aBtbiIQSWjNKU4P0+vJLE4u1gvPjexLDVPzxdEhicW5WXmpfvll6SeOJwgmrt9CSsTA0NFEYMUVEtyfl5xfk6qnjOEBilkgABGkMICAEQzmI1iAAAA[0m[WARNING] Using platform encoding (UTF-8 actually) to copy filtered resources, i.e. build is platform dependent!
[INFO] skip non existing resourceDirectory /var/lib/jenkins/workspace/Git/src/main/resources
[INFO] 
[INFO] --- jacoco:0.8.4:prepare-agent (jacoco-initialize) @ vprofile ---
[INFO] argLine set to -javaagent:/var/lib/jenkins/.m2/repository/org/jacoco/org.jacoco.agent/0.8.4/org.jacoco.agent-0.8.4-runtime.jar=destfile=/var/lib/jenkins/workspace/Git/target/jacoco.exec
[INFO] 
[INFO] --- compiler:3.11.0:compile (default-compile) @ vprofile ---
[INFO] No sources to compile
[INFO] 
[INFO] --- resources:3.3.1:testResources (default-testResources) @ vprofile ---
[8mha:////4KTdVyFNYx58LpTmuHEQ3A1FIHamLubn9ZWF8ybmHZpMAAAAYh+LCAAAAAAAAP9b85aBtbiIQSWjNKU4P0+vJLE4u1gvPjexLDVPzxdEhicW5WXmpfvll6SeOJwgmrt9CSsTA0NFEYMUVEtyfl5xfk6qnjOEBilkgABGkMICAEQzmI1iAAAA[0m[WARNING] Using platform encoding (UTF-8 actually) to copy filtered resources, i.e. build is platform dependent!
[INFO] skip non existing resourceDirectory /var/lib/jenkins/workspace/Git/src/test/resources
[INFO] 
[INFO] --- compiler:3.11.0:testCompile (default-testCompile) @ vprofile ---
[INFO] No sources to compile
[INFO] 
[INFO] --- surefire:3.1.2:test (default-test) @ vprofile ---
[INFO] No tests to run.
[INFO] 
[INFO] --- war:3.2.2:war (default-war) @ vprofile ---
[INFO] Packaging webapp
[INFO] Assembling webapp [vprofile] in [/var/lib/jenkins/workspace/Git/target/vprofile-v2]
[INFO] Processing war project
[INFO] Webapp assembled in [159 msecs]
[INFO] ------------------------------------------------------------------------
[INFO] BUILD FAILURE
[INFO] ------------------------------------------------------------------------
[INFO] Total time:  4.557 s
[INFO] Finished at: 2023-07-08T09:14:17Z
[INFO] ------------------------------------------------------------------------
[8mha:////4Osut7wJwQcebyIb8DNE8kE5dObW/+U8FK64ctBEHQVRAAAAYB+LCAAAAAAAAP9b85aBtbiIQSmjNKU4P0+vJLE4u1gvPjexLDVPzxdEuhYV5Rf55Zek1m9pfpLfVWLNxMBQUcQgBdWQnJ9XnJ+TqucMoUEKGSCAEaSwAABqVhoSYAAAAA==[0m[ERROR] Failed to execute goal org.apache.maven.plugins:maven-war-plugin:3.2.2:war (default-war) on project vprofile: Error assembling WAR: /var/lib/jenkins/workspace/Git/pom.xml isn't a file. -> [Help 1]
[8mha:////4Osut7wJwQcebyIb8DNE8kE5dObW/+U8FK64ctBEHQVRAAAAYB+LCAAAAAAAAP9b85aBtbiIQSmjNKU4P0+vJLE4u1gvPjexLDVPzxdEuhYV5Rf55Zek1m9pfpLfVWLNxMBQUcQgBdWQnJ9XnJ+TqucMoUEKGSCAEaSwAABqVhoSYAAAAA==[0m[ERROR] 
[8mha:////4Osut7wJwQcebyIb8DNE8kE5dObW/+U8FK64ctBEHQVRAAAAYB+LCAAAAAAAAP9b85aBtbiIQSmjNKU4P0+vJLE4u1gvPjexLDVPzxdEuhYV5Rf55Zek1m9pfpLfVWLNxMBQUcQgBdWQnJ9XnJ+TqucMoUEKGSCAEaSwAABqVhoSYAAAAA==[0m[ERROR] To see the full stack trace of the errors, re-run Maven with the -e switch.
[8mha:////4Osut7wJwQcebyIb8DNE8kE5dObW/+U8FK64ctBEHQVRAAAAYB+LCAAAAAAAAP9b85aBtbiIQSmjNKU4P0+vJLE4u1gvPjexLDVPzxdEuhYV5Rf55Zek1m9pfpLfVWLNxMBQUcQgBdWQnJ9XnJ+TqucMoUEKGSCAEaSwAABqVhoSYAAAAA==[0m[ERROR] Re-run Maven using the -X switch to enable full debug logging.
[8mha:////4Osut7wJwQcebyIb8DNE8kE5dObW/+U8FK64ctBEHQVRAAAAYB+LCAAAAAAAAP9b85aBtbiIQSmjNKU4P0+vJLE4u1gvPjexLDVPzxdEuhYV5Rf55Zek1m9pfpLfVWLNxMBQUcQgBdWQnJ9XnJ+TqucMoUEKGSCAEaSwAABqVhoSYAAAAA==[0m[ERROR] 
[8mha:////4Osut7wJwQcebyIb8DNE8kE5dObW/+U8FK64ctBEHQVRAAAAYB+LCAAAAAAAAP9b85aBtbiIQSmjNKU4P0+vJLE4u1gvPjexLDVPzxdEuhYV5Rf55Zek1m9pfpLfVWLNxMBQUcQgBdWQnJ9XnJ+TqucMoUEKGSCAEaSwAABqVhoSYAAAAA==[0m[ERROR] For more information about the errors and possible solutions, please read the following articles:
[8mha:////4Osut7wJwQcebyIb8DNE8kE5dObW/+U8FK64ctBEHQVRAAAAYB+LCAAAAAAAAP9b85aBtbiIQSmjNKU4P0+vJLE4u1gvPjexLDVPzxdEuhYV5Rf55Zek1m9pfpLfVWLNxMBQUcQgBdWQnJ9XnJ+TqucMoUEKGSCAEaSwAABqVhoSYAAAAA==[0m[ERROR] [Help 1] http://cwiki.apache.org/confluence/display/MAVEN/MojoExecutionException
Build step 'Invoke top-level Maven targets' marked build as failure
Archiving artifacts
Finished: FAILURE
